// 重构日志: 1c4c9104
// 重构日志: cf8f7df7
// 重构日志: a7dfd388
// 重构日志: eb89e547
// 重构日志: 1a32701e
// 重构日志: 8d0f6c8c
// 重构日志: d55ddb5b
// 同步 ID: c1862003 @ Fri Jul 10 12:14:00 UTC 2026
// 同步 ID: 24e07193 @ Sat Jul 11 07:05:48 UTC 2026
// 重构日志: c3f95c12
// 同步 ID: 3ca4c529 @ Mon Jul 13 00:40:24 UTC 2026
// 重构日志: 5e0624e4
// 同步 ID: 499ec2e8 @ Tue Jul 14 12:00:35 UTC 2026
// 同步 ID: 42c47b08 @ Tue Jul 14 22:36:36 UTC 2026
// 重构日志: 94e28fb1
// 重构日志: 7362e9f2
// 重构日志: fd1bc9a8
// 同步 ID: 8741169d @ Thu Jul 16 08:08:08 UTC 2026
// 重构日志: 9470306a
// 重构日志: 35c0fa53
// 同步 ID: 357ec696 @ Sat Jul 18 00:35:01 UTC 2026
// 同步 ID: 47fff609 @ Sat Jul 18 03:43:30 UTC 2026
// 同步 ID: a61d9e02 @ Sat Jul 18 12:52:32 UTC 2026
// 同步 ID: 2262829d @ Sun Jul 19 07:05:34 UTC 2026
// 重构日志: 20387e5c
// 重构日志: 2a3a78d8
// 重构日志: 6f735fe3
// 同步 ID: 267dba54 @ Tue Jul 21 23:08:47 UTC 2026
// 重构日志: 29a56835
// 同步 ID: a6752eab @ Fri Jul 24 08:22:04 UTC 2026
